mode: set
github.com/urfave/cli/category.go:12.48,14.2 1 1
github.com/urfave/cli/category.go:16.38,18.2 1 1
github.com/urfave/cli/category.go:20.43,22.2 1 0
github.com/urfave/cli/category.go:25.91,26.36 1 1
github.com/urfave/cli/category.go:32.2,32.82 1 1
github.com/urfave/cli/category.go:26.36,27.39 1 1
github.com/urfave/cli/category.go:27.39,30.4 2 1
github.com/urfave/cli/category.go:36.55,38.37 2 1
github.com/urfave/cli/category.go:43.2,43.12 1 1
github.com/urfave/cli/category.go:38.37,39.22 1 1
github.com/urfave/cli/category.go:39.22,41.4 1 1
github.com/urfave/cli/command.go:66.35,68.2 1 0
github.com/urfave/cli/command.go:70.45,72.2 1 0
github.com/urfave/cli/command.go:74.40,76.2 1 0
github.com/urfave/cli/command.go:80.36,81.30 1 0
github.com/urfave/cli/command.go:84.2,84.45 1 0
github.com/urfave/cli/command.go:81.30,83.3 1 0
github.com/urfave/cli/command.go:91.48,92.28 1 1
github.com/urfave/cli/command.go:96.2,96.45 1 1
github.com/urfave/cli/command.go:104.2,105.16 2 1
github.com/urfave/cli/command.go:108.2,110.23 2 1
github.com/urfave/cli/command.go:148.2,149.17 2 1
github.com/urfave/cli/command.go:156.2,157.46 2 1
github.com/urfave/cli/command.go:161.2,161.16 1 1
github.com/urfave/cli/command.go:173.2,173.39 1 1
github.com/urfave/cli/command.go:177.2,177.20 1 1
github.com/urfave/cli/command.go:191.2,191.21 1 1
github.com/urfave/cli/command.go:202.2,202.21 1 1
github.com/urfave/cli/command.go:206.2,209.16 3 1
github.com/urfave/cli/command.go:212.2,212.12 1 1
github.com/urfave/cli/command.go:92.28,94.3 1 1
github.com/urfave/cli/command.go:96.45,102.3 1 1
github.com/urfave/cli/command.go:105.16,107.3 1 0
github.com/urfave/cli/command.go:110.23,112.3 1 1
github.com/urfave/cli/command.go:112.3,112.30 1 1
github.com/urfave/cli/command.go:112.30,115.38 3 1
github.com/urfave/cli/command.go:127.3,127.26 1 1
github.com/urfave/cli/command.go:115.38,116.19 1 1
github.com/urfave/cli/command.go:116.19,118.10 2 1
github.com/urfave/cli/command.go:119.5,119.25 1 1
github.com/urfave/cli/command.go:119.25,121.13 1 1
github.com/urfave/cli/command.go:122.5,122.66 1 1
github.com/urfave/cli/command.go:122.66,124.5 1 1
github.com/urfave/cli/command.go:127.26,133.28 5 1
github.com/urfave/cli/command.go:140.4,140.53 1 1
github.com/urfave/cli/command.go:133.28,136.5 2 1
github.com/urfave/cli/command.go:136.5,138.5 1 1
github.com/urfave/cli/command.go:141.4,143.4 1 1
github.com/urfave/cli/command.go:144.3,146.3 1 1
github.com/urfave/cli/command.go:149.17,154.3 4 0
github.com/urfave/cli/command.go:157.46,159.3 1 0
github.com/urfave/cli/command.go:161.16,162.28 1 1
github.com/urfave/cli/command.go:167.3,170.13 4 1
github.com/urfave/cli/command.go:162.28,166.4 3 1
github.com/urfave/cli/command.go:173.39,175.3 1 1
github.com/urfave/cli/command.go:177.20,178.16 1 1
github.com/urfave/cli/command.go:178.16,180.23 2 1
github.com/urfave/cli/command.go:180.23,182.19 2 1
github.com/urfave/cli/command.go:182.19,184.6 1 1
github.com/urfave/cli/command.go:184.6,186.6 1 0
github.com/urfave/cli/command.go:191.21,193.17 2 1
github.com/urfave/cli/command.go:193.17,199.4 5 1
github.com/urfave/cli/command.go:202.21,204.3 1 1
github.com/urfave/cli/command.go:209.16,211.3 1 0
github.com/urfave/cli/command.go:216.35,219.23 2 1
github.com/urfave/cli/command.go:223.2,223.36 1 1
github.com/urfave/cli/command.go:219.23,221.3 1 0
github.com/urfave/cli/command.go:227.44,228.30 1 1
github.com/urfave/cli/command.go:233.2,233.14 1 1
github.com/urfave/cli/command.go:228.30,229.16 1 1
github.com/urfave/cli/command.go:229.16,231.4 1 1
github.com/urfave/cli/command.go:236.47,241.22 4 1
github.com/urfave/cli/command.go:247.2,268.40 16 1
github.com/urfave/cli/command.go:272.2,276.27 3 1
github.com/urfave/cli/command.go:281.2,283.21 3 1
github.com/urfave/cli/command.go:289.2,289.38 1 1
github.com/urfave/cli/command.go:293.2,293.33 1 1
github.com/urfave/cli/command.go:241.22,243.3 1 0
github.com/urfave/cli/command.go:243.3,245.3 1 1
github.com/urfave/cli/command.go:268.40,270.3 1 1
github.com/urfave/cli/command.go:276.27,278.3 1 0
github.com/urfave/cli/command.go:283.21,285.3 1 1
github.com/urfave/cli/command.go:285.3,287.3 1 1
github.com/urfave/cli/command.go:289.38,291.3 1 1
github.com/urfave/cli/command.go:297.40,299.2 1 1
github.com/urfave/cli/context.go:25.75,28.22 2 1
github.com/urfave/cli/context.go:32.2,32.10 1 1
github.com/urfave/cli/context.go:28.22,30.3 1 1
github.com/urfave/cli/context.go:36.34,38.2 1 1
github.com/urfave/cli/context.go:41.49,43.2 1 1
github.com/urfave/cli/context.go:46.55,48.2 1 1
github.com/urfave/cli/context.go:51.43,52.23 1 1
github.com/urfave/cli/context.go:110.2,110.25 1 1
github.com/urfave/cli/context.go:52.23,55.38 2 1
github.com/urfave/cli/context.go:59.3,59.41 1 1
github.com/urfave/cli/context.go:77.3,78.27 2 1
github.com/urfave/cli/context.go:83.3,83.27 1 1
github.com/urfave/cli/context.go:55.38,57.4 1 1
github.com/urfave/cli/context.go:59.41,60.39 1 1
github.com/urfave/cli/context.go:63.4,63.30 1 1
github.com/urfave/cli/context.go:60.39,62.5 1 1
github.com/urfave/cli/context.go:78.27,79.20 1 1
github.com/urfave/cli/context.go:79.20,81.5 1 1
github.com/urfave/cli/context.go:83.27,84.44 1 1
github.com/urfave/cli/context.go:84.44,85.52 1 1
github.com/urfave/cli/context.go:89.5,90.34 2 1
github.com/urfave/cli/context.go:94.5,95.31 2 1
github.com/urfave/cli/context.go:99.5,99.56 1 1
github.com/urfave/cli/context.go:85.52,87.6 1 1
github.com/urfave/cli/context.go:90.34,92.6 1 0
github.com/urfave/cli/context.go:95.31,97.6 1 0
github.com/urfave/cli/context.go:99.56,101.45 2 1
github.com/urfave/cli/context.go:101.45,104.7 2 1
github.com/urfave/cli/context.go:114.49,116.30 2 1
github.com/urfave/cli/context.go:120.2,120.44 1 1
github.com/urfave/cli/context.go:125.2,125.14 1 1
github.com/urfave/cli/context.go:116.30,118.3 1 1
github.com/urfave/cli/context.go:120.44,121.22 1 1
github.com/urfave/cli/context.go:121.22,123.4 1 1
github.com/urfave/cli/context.go:129.48,130.39 1 0
github.com/urfave/cli/context.go:137.2,137.8 1 0
github.com/urfave/cli/context.go:130.39,132.21 2 0
github.com/urfave/cli/context.go:135.3,135.30 1 0
github.com/urfave/cli/context.go:132.21,133.12 1 0
github.com/urfave/cli/context.go:141.54,142.35 1 0
github.com/urfave/cli/context.go:149.2,149.8 1 0
github.com/urfave/cli/context.go:142.35,144.42 2 0
github.com/urfave/cli/context.go:147.3,147.30 1 0
github.com/urfave/cli/context.go:144.42,145.12 1 0
github.com/urfave/cli/context.go:153.37,155.2 1 0
github.com/urfave/cli/context.go:158.50,160.2 1 1
github.com/urfave/cli/context.go:166.31,169.2 2 1
github.com/urfave/cli/context.go:172.30,174.2 1 1
github.com/urfave/cli/context.go:177.33,178.16 1 1
github.com/urfave/cli/context.go:181.2,181.11 1 0
github.com/urfave/cli/context.go:178.16,180.3 1 1
github.com/urfave/cli/context.go:185.30,187.2 1 1
github.com/urfave/cli/context.go:191.31,192.17 1 1
github.com/urfave/cli/context.go:195.2,195.19 1 1
github.com/urfave/cli/context.go:192.17,194.3 1 1
github.com/urfave/cli/context.go:199.30,201.2 1 1
github.com/urfave/cli/context.go:204.40,205.36 1 0
github.com/urfave/cli/context.go:208.2,209.12 2 0
github.com/urfave/cli/context.go:205.36,207.3 1 0
github.com/urfave/cli/context.go:212.43,213.16 1 1
github.com/urfave/cli/context.go:217.2,217.6 1 1
github.com/urfave/cli/context.go:213.16,215.3 1 0
github.com/urfave/cli/context.go:217.6,218.31 1 1
github.com/urfave/cli/context.go:221.3,221.26 1 1
github.com/urfave/cli/context.go:218.31,220.4 1 1
github.com/urfave/cli/context.go:225.67,226.30 1 1
github.com/urfave/cli/context.go:229.2,229.44 1 1
github.com/urfave/cli/context.go:234.2,234.12 1 1
github.com/urfave/cli/context.go:226.30,228.3 1 1
github.com/urfave/cli/context.go:229.44,230.46 1 1
github.com/urfave/cli/context.go:230.46,232.4 1 1
github.com/urfave/cli/context.go:237.62,238.25 1 1
github.com/urfave/cli/context.go:239.2,239.20 0 1
github.com/urfave/cli/context.go:240.2,241.35 1 1
github.com/urfave/cli/context.go:245.60,247.31 2 1
github.com/urfave/cli/context.go:250.2,250.26 1 1
github.com/urfave/cli/context.go:275.2,275.12 1 1
github.com/urfave/cli/context.go:247.31,249.3 1 1
github.com/urfave/cli/context.go:250.26,252.22 2 1
github.com/urfave/cli/context.go:255.3,256.30 2 1
github.com/urfave/cli/context.go:265.3,265.16 1 1
github.com/urfave/cli/context.go:268.3,268.30 1 1
github.com/urfave/cli/context.go:252.22,253.12 1 1
github.com/urfave/cli/context.go:256.30,258.21 2 1
github.com/urfave/cli/context.go:258.21,259.18 1 1
github.com/urfave/cli/context.go:262.5,262.26 1 1
github.com/urfave/cli/context.go:259.18,261.6 1 0
github.com/urfave/cli/context.go:265.16,266.12 1 1
github.com/urfave/cli/context.go:268.30,270.22 2 1
github.com/urfave/cli/context.go:270.22,272.5 1 1
github.com/urfave/cli/help.go:86.33,88.21 2 1
github.com/urfave/cli/help.go:92.3,93.13 2 1
github.com/urfave/cli/help.go:88.21,90.4 1 1
github.com/urfave/cli/help.go:102.33,104.21 2 1
github.com/urfave/cli/help.go:108.3,108.31 1 1
github.com/urfave/cli/help.go:104.21,106.4 1 1
github.com/urfave/cli/help.go:124.36,127.2 2 1
github.com/urfave/cli/help.go:130.37,131.41 1 1
github.com/urfave/cli/help.go:131.41,132.21 1 1
github.com/urfave/cli/help.go:135.3,135.40 1 1
github.com/urfave/cli/help.go:132.21,133.12 1 0
github.com/urfave/cli/help.go:135.40,137.4 1 1
github.com/urfave/cli/help.go:142.58,144.19 1 1
github.com/urfave/cli/help.go:149.2,149.37 1 1
github.com/urfave/cli/help.go:156.2,156.36 1 1
github.com/urfave/cli/help.go:160.2,161.12 2 1
github.com/urfave/cli/help.go:144.19,147.3 2 1
github.com/urfave/cli/help.go:149.37,150.25 1 1
github.com/urfave/cli/help.go:150.25,153.4 2 1
github.com/urfave/cli/help.go:156.36,158.3 1 1
github.com/urfave/cli/help.go:165.43,167.2 1 1
github.com/urfave/cli/help.go:170.30,172.2 1 1
github.com/urfave/cli/help.go:174.31,176.2 1 1
github.com/urfave/cli/help.go:179.34,181.39 2 1
github.com/urfave/cli/help.go:181.39,183.3 1 1
github.com/urfave/cli/help.go:187.59,189.39 2 0
github.com/urfave/cli/help.go:189.39,191.3 1 0
github.com/urfave/cli/help.go:194.63,202.16 5 1
github.com/urfave/cli/help.go:210.2,210.11 1 1
github.com/urfave/cli/help.go:202.16,205.50 1 0
github.com/urfave/cli/help.go:208.3,208.9 1 0
github.com/urfave/cli/help.go:205.50,207.4 1 0
github.com/urfave/cli/help.go:213.36,215.28 2 1
github.com/urfave/cli/help.go:222.2,222.14 1 1
github.com/urfave/cli/help.go:215.28,216.48 1 1
github.com/urfave/cli/help.go:216.48,217.42 1 1
github.com/urfave/cli/help.go:217.42,219.5 1 1
github.com/urfave/cli/help.go:225.33,227.25 2 1
github.com/urfave/cli/help.go:234.2,234.14 1 1
github.com/urfave/cli/help.go:227.25,228.45 1 1
github.com/urfave/cli/help.go:228.45,229.42 1 1
github.com/urfave/cli/help.go:229.42,231.5 1 1
github.com/urfave/cli/help.go:237.53,238.35 1 1
github.com/urfave/cli/help.go:243.2,243.14 1 1
github.com/urfave/cli/help.go:238.35,241.3 2 1
github.com/urfave/cli/help.go:246.43,247.35 1 1
github.com/urfave/cli/help.go:252.2,252.14 1 1
github.com/urfave/cli/help.go:247.35,250.3 2 1
github.com/urfave/cli/help.go:255.74,256.29 1 1
github.com/urfave/cli/help.go:260.2,263.45 3 1
github.com/urfave/cli/help.go:267.2,267.30 1 1
github.com/urfave/cli/help.go:256.29,258.3 1 1
github.com/urfave/cli/help.go:263.45,265.3 1 1
github.com/urfave/cli/help.go:270.40,271.22 1 1
github.com/urfave/cli/help.go:275.2,275.38 1 1
github.com/urfave/cli/help.go:283.2,284.13 2 1
github.com/urfave/cli/help.go:271.22,273.3 1 1
github.com/urfave/cli/help.go:275.38,277.45 2 0
github.com/urfave/cli/help.go:277.45,280.4 1 0
github.com/urfave/cli/help.go:287.60,288.22 1 1
github.com/urfave/cli/help.go:292.2,293.13 2 0
github.com/urfave/cli/help.go:288.22,290.3 1 1
github.com/urfave/cli/app.go:94.30,96.16 2 1
github.com/urfave/cli/app.go:99.2,99.23 1 1
github.com/urfave/cli/app.go:96.16,98.3 1 1
github.com/urfave/cli/app.go:104.20,116.2 1 1
github.com/urfave/cli/app.go:121.23,122.16 1 1
github.com/urfave/cli/app.go:126.2,128.37 2 1
github.com/urfave/cli/app.go:132.2,133.31 2 1
github.com/urfave/cli/app.go:139.2,141.55 2 1
github.com/urfave/cli/app.go:148.2,148.20 1 1
github.com/urfave/cli/app.go:152.2,153.37 2 1
github.com/urfave/cli/app.go:156.2,158.23 2 1
github.com/urfave/cli/app.go:162.2,162.21 1 1
github.com/urfave/cli/app.go:122.16,124.3 1 1
github.com/urfave/cli/app.go:128.37,130.3 1 1
github.com/urfave/cli/app.go:133.31,134.23 1 1
github.com/urfave/cli/app.go:137.3,137.31 1 1
github.com/urfave/cli/app.go:134.23,136.4 1 1
github.com/urfave/cli/app.go:141.55,143.31 2 1
github.com/urfave/cli/app.go:143.31,145.4 1 1
github.com/urfave/cli/app.go:148.20,150.3 1 1
github.com/urfave/cli/app.go:153.37,155.3 1 1
github.com/urfave/cli/app.go:158.23,160.3 1 1
github.com/urfave/cli/app.go:162.21,164.3 1 1
github.com/urfave/cli/app.go:169.51,182.16 4 1
github.com/urfave/cli/app.go:186.2,190.17 5 1
github.com/urfave/cli/app.go:195.2,197.31 2 1
github.com/urfave/cli/app.go:201.2,201.16 1 1
github.com/urfave/cli/app.go:212.2,212.39 1 1
github.com/urfave/cli/app.go:217.2,217.45 1 1
github.com/urfave/cli/app.go:222.2,222.20 1 1
github.com/urfave/cli/app.go:234.2,234.21 1 1
github.com/urfave/cli/app.go:245.2,246.20 2 1
github.com/urfave/cli/app.go:254.2,254.21 1 1
github.com/urfave/cli/app.go:259.2,262.12 3 1
github.com/urfave/cli/app.go:182.16,184.3 1 1
github.com/urfave/cli/app.go:190.17,194.3 3 0
github.com/urfave/cli/app.go:197.31,199.3 1 1
github.com/urfave/cli/app.go:201.16,202.28 1 1
github.com/urfave/cli/app.go:207.3,209.13 3 1
github.com/urfave/cli/app.go:202.28,206.4 3 1
github.com/urfave/cli/app.go:212.39,215.3 2 1
github.com/urfave/cli/app.go:217.45,220.3 2 1
github.com/urfave/cli/app.go:222.20,223.16 1 1
github.com/urfave/cli/app.go:223.16,224.53 1 1
github.com/urfave/cli/app.go:224.53,225.19 1 1
github.com/urfave/cli/app.go:225.19,227.6 1 1
github.com/urfave/cli/app.go:227.6,229.6 1 1
github.com/urfave/cli/app.go:234.21,236.23 2 1
github.com/urfave/cli/app.go:236.23,242.4 5 1
github.com/urfave/cli/app.go:246.20,249.15 3 1
github.com/urfave/cli/app.go:249.15,251.4 1 1
github.com/urfave/cli/app.go:254.21,256.3 1 1
github.com/urfave/cli/app.go:270.35,271.39 1 0
github.com/urfave/cli/app.go:271.39,274.3 2 0
github.com/urfave/cli/app.go:279.57,281.25 1 1
github.com/urfave/cli/app.go:290.2,291.31 2 1
github.com/urfave/cli/app.go:297.2,301.16 3 1
github.com/urfave/cli/app.go:305.2,310.17 5 1
github.com/urfave/cli/app.go:321.2,321.31 1 1
github.com/urfave/cli/app.go:325.2,325.16 1 1
github.com/urfave/cli/app.go:336.2,336.25 1 1
github.com/urfave/cli/app.go:346.2,346.20 1 1
github.com/urfave/cli/app.go:360.2,360.21 1 1
github.com/urfave/cli/app.go:369.2,370.20 2 1
github.com/urfave/cli/app.go:379.2,382.12 3 0
github.com/urfave/cli/app.go:281.25,282.56 1 1
github.com/urfave/cli/app.go:282.56,284.32 2 1
github.com/urfave/cli/app.go:284.32,286.5 1 1
github.com/urfave/cli/app.go:291.31,292.23 1 1
github.com/urfave/cli/app.go:295.3,295.31 1 1
github.com/urfave/cli/app.go:292.23,294.4 1 1
github.com/urfave/cli/app.go:301.16,303.3 1 0
github.com/urfave/cli/app.go:310.17,313.26 3 0
github.com/urfave/cli/app.go:318.3,318.14 1 0
github.com/urfave/cli/app.go:313.26,315.4 1 0
github.com/urfave/cli/app.go:315.4,317.4 1 0
github.com/urfave/cli/app.go:321.31,323.3 1 0
github.com/urfave/cli/app.go:325.16,326.28 1 1
github.com/urfave/cli/app.go:331.3,333.13 3 1
github.com/urfave/cli/app.go:326.28,330.4 3 0
github.com/urfave/cli/app.go:336.25,337.35 1 1
github.com/urfave/cli/app.go:337.35,339.4 1 1
github.com/urfave/cli/app.go:340.3,341.52 1 0
github.com/urfave/cli/app.go:341.52,343.4 1 0
github.com/urfave/cli/app.go:346.20,347.16 1 1
github.com/urfave/cli/app.go:347.16,349.23 2 1
github.com/urfave/cli/app.go:349.23,351.19 2 1
github.com/urfave/cli/app.go:351.19,353.6 1 1
github.com/urfave/cli/app.go:353.6,355.6 1 0
github.com/urfave/cli/app.go:360.21,362.23 2 1
github.com/urfave/cli/app.go:362.23,366.4 3 1
github.com/urfave/cli/app.go:370.20,373.15 3 1
github.com/urfave/cli/app.go:373.15,375.4 1 1
github.com/urfave/cli/app.go:386.45,387.31 1 1
github.com/urfave/cli/app.go:393.2,393.12 1 1
github.com/urfave/cli/app.go:387.31,388.22 1 1
github.com/urfave/cli/app.go:388.22,390.4 1 1
github.com/urfave/cli/app.go:397.46,399.2 1 1
github.com/urfave/cli/app.go:403.54,405.40 2 1
github.com/urfave/cli/app.go:417.2,417.12 1 1
github.com/urfave/cli/app.go:405.40,406.41 1 1
github.com/urfave/cli/app.go:406.41,407.46 1 1
github.com/urfave/cli/app.go:412.4,412.14 1 1
github.com/urfave/cli/app.go:407.46,408.24 1 1
github.com/urfave/cli/app.go:408.24,410.6 1 1
github.com/urfave/cli/app.go:413.23,415.4 1 1
github.com/urfave/cli/app.go:421.43,423.37 2 1
github.com/urfave/cli/app.go:428.2,428.12 1 1
github.com/urfave/cli/app.go:423.37,424.22 1 1
github.com/urfave/cli/app.go:424.22,426.4 1 1
github.com/urfave/cli/app.go:432.37,434.2 1 1
github.com/urfave/cli/app.go:436.39,437.28 1 1
github.com/urfave/cli/app.go:443.2,443.14 1 1
github.com/urfave/cli/app.go:437.28,438.16 1 1
github.com/urfave/cli/app.go:438.16,440.4 1 0
github.com/urfave/cli/app.go:446.37,449.24 1 0
github.com/urfave/cli/app.go:453.2,453.20 1 0
github.com/urfave/cli/app.go:449.24,451.3 1 0
github.com/urfave/cli/app.go:456.37,457.22 1 1
github.com/urfave/cli/app.go:457.22,459.3 1 1
github.com/urfave/cli/app.go:469.33,471.19 2 1
github.com/urfave/cli/app.go:475.2,475.39 1 1
github.com/urfave/cli/app.go:471.19,473.3 1 1
github.com/urfave/cli/app.go:481.69,482.38 1 1
github.com/urfave/cli/app.go:482.38,484.3 1 1
github.com/urfave/cli/app.go:484.3,484.55 1 1
github.com/urfave/cli/app.go:484.55,486.3 1 1
github.com/urfave/cli/app.go:486.3,486.49 1 1
github.com/urfave/cli/app.go:486.49,489.3 2 0
github.com/urfave/cli/app.go:489.3,491.3 1 1
github.com/urfave/cli/errors.go:23.45,25.2 1 1
github.com/urfave/cli/errors.go:28.36,30.31 2 1
github.com/urfave/cli/errors.go:34.2,34.33 1 1
github.com/urfave/cli/errors.go:30.31,32.3 1 1
github.com/urfave/cli/errors.go:55.65,60.2 1 1
github.com/urfave/cli/errors.go:64.37,66.2 1 1
github.com/urfave/cli/errors.go:70.37,72.2 1 1
github.com/urfave/cli/errors.go:78.33,79.16 1 1
github.com/urfave/cli/errors.go:83.2,83.40 1 1
github.com/urfave/cli/errors.go:95.2,95.42 1 1
github.com/urfave/cli/errors.go:101.2,101.23 1 1
github.com/urfave/cli/errors.go:108.2,108.13 1 1
github.com/urfave/cli/errors.go:79.16,81.3 1 1
github.com/urfave/cli/errors.go:83.40,84.24 1 1
github.com/urfave/cli/errors.go:91.3,92.9 2 1
github.com/urfave/cli/errors.go:84.24,85.45 1 1
github.com/urfave/cli/errors.go:85.45,87.5 1 0
github.com/urfave/cli/errors.go:87.5,89.5 1 1
github.com/urfave/cli/errors.go:95.42,99.3 3 1
github.com/urfave/cli/errors.go:101.23,102.40 1 1
github.com/urfave/cli/errors.go:102.40,104.4 1 1
github.com/urfave/cli/errors.go:104.4,106.4 1 1
github.com/urfave/cli/errors.go:111.48,113.39 2 1
github.com/urfave/cli/errors.go:123.2,123.13 1 1
github.com/urfave/cli/errors.go:113.39,114.45 1 1
github.com/urfave/cli/errors.go:114.45,116.4 1 0
github.com/urfave/cli/errors.go:116.4,118.43 2 1
github.com/urfave/cli/errors.go:118.43,120.5 1 1
github.com/urfave/cli/flag.go:43.32,45.2 1 0
github.com/urfave/cli/flag.go:47.42,49.2 1 0
github.com/urfave/cli/flag.go:51.37,53.2 1 0
github.com/urfave/cli/flag.go:74.64,77.26 2 1
github.com/urfave/cli/flag.go:87.2,87.17 1 1
github.com/urfave/cli/flag.go:77.26,79.38 1 1
github.com/urfave/cli/flag.go:79.38,80.49 1 1
github.com/urfave/cli/flag.go:80.49,82.5 1 1
github.com/urfave/cli/flag.go:83.4,85.4 1 0
github.com/urfave/cli/flag.go:90.49,92.29 2 1
github.com/urfave/cli/flag.go:92.29,95.3 2 1
github.com/urfave/cli/flag.go:107.47,109.2 1 0
github.com/urfave/cli/flag.go:113.62,115.20 2 1
github.com/urfave/cli/flag.go:127.2,127.37 1 1
github.com/urfave/cli/flag.go:131.2,131.12 1 1
github.com/urfave/cli/flag.go:115.20,116.55 1 1
github.com/urfave/cli/flag.go:116.55,118.48 2 1
github.com/urfave/cli/flag.go:118.48,119.43 1 1
github.com/urfave/cli/flag.go:122.5,122.10 1 1
github.com/urfave/cli/flag.go:119.43,121.6 1 0
github.com/urfave/cli/flag.go:127.37,129.3 1 1
github.com/urfave/cli/flag.go:138.47,141.2 2 1
github.com/urfave/cli/flag.go:144.39,146.2 1 1
github.com/urfave/cli/flag.go:149.40,151.2 1 1
github.com/urfave/cli/flag.go:154.41,156.2 1 1
github.com/urfave/cli/flag.go:160.51,162.2 1 0
github.com/urfave/cli/flag.go:165.66,166.20 1 1
github.com/urfave/cli/flag.go:183.2,183.37 1 1
github.com/urfave/cli/flag.go:190.2,190.12 1 1
github.com/urfave/cli/flag.go:166.20,167.55 1 1
github.com/urfave/cli/flag.go:167.55,169.48 2 1
github.com/urfave/cli/flag.go:169.48,171.50 2 1
github.com/urfave/cli/flag.go:177.5,178.10 2 1
github.com/urfave/cli/flag.go:171.50,173.42 2 1
github.com/urfave/cli/flag.go:173.42,175.7 1 0
github.com/urfave/cli/flag.go:183.37,184.21 1 1
github.com/urfave/cli/flag.go:187.3,187.34 1 1
github.com/urfave/cli/flag.go:184.21,186.4 1 1
github.com/urfave/cli/flag.go:197.44,199.16 2 1
github.com/urfave/cli/flag.go:202.2,203.12 2 1
github.com/urfave/cli/flag.go:199.16,201.3 1 1
github.com/urfave/cli/flag.go:207.36,209.2 1 1
github.com/urfave/cli/flag.go:212.34,214.2 1 1
github.com/urfave/cli/flag.go:217.38,219.2 1 1
github.com/urfave/cli/flag.go:223.48,225.2 1 0
github.com/urfave/cli/flag.go:228.63,229.20 1 1
github.com/urfave/cli/flag.go:246.2,246.37 1 1
github.com/urfave/cli/flag.go:253.2,253.12 1 1
github.com/urfave/cli/flag.go:229.20,230.55 1 1
github.com/urfave/cli/flag.go:230.55,232.48 2 1
github.com/urfave/cli/flag.go:232.48,234.50 2 1
github.com/urfave/cli/flag.go:240.5,241.10 2 1
github.com/urfave/cli/flag.go:234.50,236.42 2 1
github.com/urfave/cli/flag.go:236.42,238.7 1 1
github.com/urfave/cli/flag.go:246.37,247.21 1 1
github.com/urfave/cli/flag.go:250.3,250.34 1 1
github.com/urfave/cli/flag.go:247.21,249.4 1 1
github.com/urfave/cli/flag.go:260.46,262.16 2 1
github.com/urfave/cli/flag.go:265.2,266.12 2 1
github.com/urfave/cli/flag.go:262.16,264.3 1 1
github.com/urfave/cli/flag.go:270.38,272.2 1 1
github.com/urfave/cli/flag.go:275.38,277.2 1 1
github.com/urfave/cli/flag.go:280.40,282.2 1 1
github.com/urfave/cli/flag.go:286.50,288.2 1 0
github.com/urfave/cli/flag.go:291.65,292.20 1 1
github.com/urfave/cli/flag.go:309.2,309.37 1 1
github.com/urfave/cli/flag.go:315.2,315.12 1 1
github.com/urfave/cli/flag.go:292.20,293.55 1 1
github.com/urfave/cli/flag.go:293.55,295.48 2 1
github.com/urfave/cli/flag.go:295.48,297.50 2 1
github.com/urfave/cli/flag.go:303.5,304.10 2 1
github.com/urfave/cli/flag.go:297.50,299.42 2 1
github.com/urfave/cli/flag.go:299.42,301.7 1 1
github.com/urfave/cli/flag.go:309.37,310.21 1 1
github.com/urfave/cli/flag.go:313.3,313.34 1 1
github.com/urfave/cli/flag.go:310.21,312.4 1 0
github.com/urfave/cli/flag.go:320.44,322.2 1 0
github.com/urfave/cli/flag.go:325.59,327.20 2 1
github.com/urfave/cli/flag.go:347.2,347.37 1 1
github.com/urfave/cli/flag.go:355.2,355.12 1 1
github.com/urfave/cli/flag.go:327.20,328.55 1 1
github.com/urfave/cli/flag.go:328.55,330.48 2 1
github.com/urfave/cli/flag.go:330.48,331.21 1 1
github.com/urfave/cli/flag.go:336.5,337.19 2 1
github.com/urfave/cli/flag.go:341.5,342.10 2 1
github.com/urfave/cli/flag.go:331.21,333.11 2 1
github.com/urfave/cli/flag.go:337.19,339.6 1 1
github.com/urfave/cli/flag.go:347.37,348.27 1 1
github.com/urfave/cli/flag.go:352.3,352.31 1 1
github.com/urfave/cli/flag.go:348.27,351.4 2 1
github.com/urfave/cli/flag.go:360.45,362.2 1 0
github.com/urfave/cli/flag.go:365.60,367.20 2 1
github.com/urfave/cli/flag.go:387.2,387.37 1 1
github.com/urfave/cli/flag.go:395.2,395.12 1 1
github.com/urfave/cli/flag.go:367.20,368.55 1 1
github.com/urfave/cli/flag.go:368.55,370.48 2 1
github.com/urfave/cli/flag.go:370.48,371.21 1 1
github.com/urfave/cli/flag.go:376.5,377.19 2 1
github.com/urfave/cli/flag.go:381.5,382.10 2 1
github.com/urfave/cli/flag.go:371.21,373.11 2 1
github.com/urfave/cli/flag.go:377.19,379.6 1 1
github.com/urfave/cli/flag.go:387.37,388.27 1 1
github.com/urfave/cli/flag.go:392.3,392.31 1 1
github.com/urfave/cli/flag.go:388.27,391.4 2 1
github.com/urfave/cli/flag.go:400.46,402.2 1 0
github.com/urfave/cli/flag.go:405.61,406.20 1 1
github.com/urfave/cli/flag.go:416.2,416.37 1 1
github.com/urfave/cli/flag.go:424.2,424.12 1 1
github.com/urfave/cli/flag.go:406.20,407.55 1 1
github.com/urfave/cli/flag.go:407.55,409.48 2 1
github.com/urfave/cli/flag.go:409.48,411.10 2 1
github.com/urfave/cli/flag.go:416.37,417.27 1 1
github.com/urfave/cli/flag.go:421.3,421.37 1 1
github.com/urfave/cli/flag.go:417.27,420.4 2 1
github.com/urfave/cli/flag.go:429.43,431.2 1 0
github.com/urfave/cli/flag.go:434.58,435.20 1 1
github.com/urfave/cli/flag.go:449.2,449.37 1 1
github.com/urfave/cli/flag.go:457.2,457.12 1 1
github.com/urfave/cli/flag.go:435.20,436.55 1 1
github.com/urfave/cli/flag.go:436.55,438.48 2 1
github.com/urfave/cli/flag.go:438.48,440.19 2 1
github.com/urfave/cli/flag.go:443.5,444.10 2 1
github.com/urfave/cli/flag.go:440.19,442.6 1 1
github.com/urfave/cli/flag.go:449.37,450.27 1 1
github.com/urfave/cli/flag.go:454.3,454.34 1 1
github.com/urfave/cli/flag.go:450.27,453.4 2 1
github.com/urfave/cli/flag.go:462.45,464.2 1 0
github.com/urfave/cli/flag.go:467.60,468.20 1 1
github.com/urfave/cli/flag.go:483.2,483.37 1 1
github.com/urfave/cli/flag.go:491.2,491.12 1 1
github.com/urfave/cli/flag.go:468.20,469.55 1 1
github.com/urfave/cli/flag.go:469.55,471.48 2 1
github.com/urfave/cli/flag.go:471.48,473.19 2 1
github.com/urfave/cli/flag.go:477.5,478.10 2 1
github.com/urfave/cli/flag.go:473.19,475.6 1 1
github.com/urfave/cli/flag.go:483.37,484.27 1 1
github.com/urfave/cli/flag.go:488.3,488.36 1 1
github.com/urfave/cli/flag.go:484.27,487.4 2 0
github.com/urfave/cli/flag.go:496.44,498.2 1 0
github.com/urfave/cli/flag.go:501.59,502.20 1 1
github.com/urfave/cli/flag.go:517.2,517.37 1 1
github.com/urfave/cli/flag.go:525.2,525.12 1 1
github.com/urfave/cli/flag.go:502.20,503.55 1 1
github.com/urfave/cli/flag.go:503.55,505.48 2 1
github.com/urfave/cli/flag.go:505.48,507.19 2 1
github.com/urfave/cli/flag.go:511.5,512.10 2 1
github.com/urfave/cli/flag.go:507.19,509.6 1 1
github.com/urfave/cli/flag.go:517.37,518.27 1 1
github.com/urfave/cli/flag.go:522.3,522.35 1 1
github.com/urfave/cli/flag.go:518.27,521.4 2 0
github.com/urfave/cli/flag.go:530.46,532.2 1 0
github.com/urfave/cli/flag.go:535.61,536.20 1 1
github.com/urfave/cli/flag.go:551.2,551.37 1 1
github.com/urfave/cli/flag.go:559.2,559.12 1 1
github.com/urfave/cli/flag.go:536.20,537.55 1 1
github.com/urfave/cli/flag.go:537.55,539.48 2 1
github.com/urfave/cli/flag.go:539.48,541.19 2 1
github.com/urfave/cli/flag.go:545.5,546.10 2 1
github.com/urfave/cli/flag.go:541.19,543.6 1 1
github.com/urfave/cli/flag.go:551.37,552.27 1 1
github.com/urfave/cli/flag.go:556.3,556.37 1 1
github.com/urfave/cli/flag.go:552.27,555.4 2 0
github.com/urfave/cli/flag.go:564.48,566.2 1 0
github.com/urfave/cli/flag.go:569.63,570.20 1 1
github.com/urfave/cli/flag.go:585.2,585.37 1 1
github.com/urfave/cli/flag.go:593.2,593.12 1 1
github.com/urfave/cli/flag.go:570.20,571.55 1 1
github.com/urfave/cli/flag.go:571.55,573.48 2 1
github.com/urfave/cli/flag.go:573.48,575.19 2 1
github.com/urfave/cli/flag.go:579.5,580.10 2 1
github.com/urfave/cli/flag.go:575.19,577.6 1 1
github.com/urfave/cli/flag.go:585.37,586.27 1 1
github.com/urfave/cli/flag.go:590.3,590.39 1 1
github.com/urfave/cli/flag.go:586.27,589.4 2 0
github.com/urfave/cli/flag.go:598.47,600.2 1 0
github.com/urfave/cli/flag.go:603.62,604.20 1 1
github.com/urfave/cli/flag.go:619.2,619.37 1 1
github.com/urfave/cli/flag.go:627.2,627.12 1 1
github.com/urfave/cli/flag.go:604.20,605.55 1 1
github.com/urfave/cli/flag.go:605.55,607.48 2 1
github.com/urfave/cli/flag.go:607.48,609.19 2 1
github.com/urfave/cli/flag.go:613.5,614.10 2 1
github.com/urfave/cli/flag.go:609.19,611.6 1 1
github.com/urfave/cli/flag.go:619.37,620.27 1 1
github.com/urfave/cli/flag.go:624.3,624.38 1 1
github.com/urfave/cli/flag.go:620.27,623.4 2 1
github.com/urfave/cli/flag.go:630.37,632.26 2 1
github.com/urfave/cli/flag.go:637.2,637.16 1 1
github.com/urfave/cli/flag.go:632.26,633.52 1 1
github.com/urfave/cli/flag.go:633.52,635.4 1 1
github.com/urfave/cli/flag.go:640.45,641.20 1 1
github.com/urfave/cli/flag.go:647.2,647.8 1 1
github.com/urfave/cli/flag.go:641.20,643.3 1 1
github.com/urfave/cli/flag.go:643.3,645.3 1 1
github.com/urfave/cli/flag.go:651.50,652.34 1 1
github.com/urfave/cli/flag.go:664.2,664.18 1 1
github.com/urfave/cli/flag.go:652.34,653.22 1 1
github.com/urfave/cli/flag.go:653.22,654.40 1 1
github.com/urfave/cli/flag.go:661.4,661.9 1 0
github.com/urfave/cli/flag.go:654.40,655.24 1 1
github.com/urfave/cli/flag.go:655.24,659.6 3 1
github.com/urfave/cli/flag.go:667.57,670.29 3 1
github.com/urfave/cli/flag.go:680.2,680.17 1 1
github.com/urfave/cli/flag.go:670.29,673.24 3 1
github.com/urfave/cli/flag.go:676.3,676.23 1 1
github.com/urfave/cli/flag.go:673.24,675.4 1 1
github.com/urfave/cli/flag.go:676.23,678.4 1 1
github.com/urfave/cli/flag.go:683.45,685.18 2 1
github.com/urfave/cli/flag.go:696.2,696.22 1 1
github.com/urfave/cli/flag.go:685.18,689.32 4 1
github.com/urfave/cli/flag.go:694.3,694.100 1 1
github.com/urfave/cli/flag.go:689.32,693.4 3 0
github.com/urfave/cli/flag.go:699.38,701.31 2 1
github.com/urfave/cli/flag.go:704.2,704.11 1 1
github.com/urfave/cli/flag.go:701.31,703.3 1 0
github.com/urfave/cli/flag.go:707.35,710.18 2 1
github.com/urfave/cli/flag.go:722.2,728.19 5 1
github.com/urfave/cli/flag.go:737.2,737.42 1 1
github.com/urfave/cli/flag.go:741.2,741.43 1 1
github.com/urfave/cli/flag.go:745.2,748.104 2 1
github.com/urfave/cli/flag.go:711.2,713.44 1 1
github.com/urfave/cli/flag.go:714.2,716.48 1 1
github.com/urfave/cli/flag.go:717.2,719.50 1 1
github.com/urfave/cli/flag.go:728.19,732.57 3 1
github.com/urfave/cli/flag.go:732.57,734.4 1 1
github.com/urfave/cli/flag.go:737.42,739.3 1 1
github.com/urfave/cli/flag.go:741.43,743.3 1 1
github.com/urfave/cli/flag.go:751.51,753.48 2 1
github.com/urfave/cli/flag.go:759.2,759.57 1 1
github.com/urfave/cli/flag.go:753.48,754.37 1 1
github.com/urfave/cli/flag.go:754.37,756.4 1 1
github.com/urfave/cli/flag.go:762.55,764.48 2 1
github.com/urfave/cli/flag.go:770.2,770.57 1 1
github.com/urfave/cli/flag.go:764.48,765.37 1 1
github.com/urfave/cli/flag.go:765.37,767.4 1 1
github.com/urfave/cli/flag.go:773.57,775.48 2 1
github.com/urfave/cli/flag.go:783.2,783.57 1 1
github.com/urfave/cli/flag.go:775.48,776.37 1 1
github.com/urfave/cli/flag.go:776.37,777.18 1 1
github.com/urfave/cli/flag.go:777.18,779.5 1 1
github.com/urfave/cli/flag.go:786.74,788.23 2 1
github.com/urfave/cli/flag.go:792.2,793.26 2 1
github.com/urfave/cli/flag.go:797.2,798.82 2 1
github.com/urfave/cli/flag.go:788.23,790.3 1 1
github.com/urfave/cli/flag.go:793.26,795.3 1 1
github.com/urfave/cli/flag_generated.go:22.35,24.2 1 1
github.com/urfave/cli/flag_generated.go:27.36,29.2 1 1
github.com/urfave/cli/flag_generated.go:33.42,35.2 1 1
github.com/urfave/cli/flag_generated.go:39.48,40.51 1 1
github.com/urfave/cli/flag_generated.go:43.2,43.14 1 1
github.com/urfave/cli/flag_generated.go:40.51,42.3 1 1
github.com/urfave/cli/flag_generated.go:46.54,48.14 2 1
github.com/urfave/cli/flag_generated.go:55.2,55.14 1 0
github.com/urfave/cli/flag_generated.go:48.14,50.17 2 1
github.com/urfave/cli/flag_generated.go:53.3,53.16 1 1
github.com/urfave/cli/flag_generated.go:50.17,52.4 1 0
github.com/urfave/cli/flag_generated.go:69.36,71.2 1 0
github.com/urfave/cli/flag_generated.go:74.37,76.2 1 1
github.com/urfave/cli/flag_generated.go:80.43,82.2 1 1
github.com/urfave/cli/flag_generated.go:86.49,87.51 1 1
github.com/urfave/cli/flag_generated.go:90.2,90.14 1 1
github.com/urfave/cli/flag_generated.go:87.51,89.3 1 1
github.com/urfave/cli/flag_generated.go:93.55,95.14 2 1
github.com/urfave/cli/flag_generated.go:102.2,102.14 1 0
github.com/urfave/cli/flag_generated.go:95.14,97.17 2 1
github.com/urfave/cli/flag_generated.go:100.3,100.16 1 1
github.com/urfave/cli/flag_generated.go:97.17,99.4 1 0
github.com/urfave/cli/flag_generated.go:117.39,119.2 1 1
github.com/urfave/cli/flag_generated.go:122.40,124.2 1 1
github.com/urfave/cli/flag_generated.go:128.55,130.2 1 1
github.com/urfave/cli/flag_generated.go:134.61,135.51 1 0
github.com/urfave/cli/flag_generated.go:138.2,138.10 1 0
github.com/urfave/cli/flag_generated.go:135.51,137.3 1 0
github.com/urfave/cli/flag_generated.go:141.67,143.14 2 1
github.com/urfave/cli/flag_generated.go:150.2,150.10 1 0
github.com/urfave/cli/flag_generated.go:143.14,145.17 2 1
github.com/urfave/cli/flag_generated.go:148.3,148.16 1 1
github.com/urfave/cli/flag_generated.go:145.17,147.4 1 0
github.com/urfave/cli/flag_generated.go:165.38,167.2 1 1
github.com/urfave/cli/flag_generated.go:170.39,172.2 1 1
github.com/urfave/cli/flag_generated.go:176.48,178.2 1 1
github.com/urfave/cli/flag_generated.go:182.54,183.51 1 1
github.com/urfave/cli/flag_generated.go:186.2,186.10 1 1
github.com/urfave/cli/flag_generated.go:183.51,185.3 1 1
github.com/urfave/cli/flag_generated.go:189.60,191.14 2 1
github.com/urfave/cli/flag_generated.go:198.2,198.10 1 0
github.com/urfave/cli/flag_generated.go:191.14,193.17 2 1
github.com/urfave/cli/flag_generated.go:196.3,196.16 1 1
github.com/urfave/cli/flag_generated.go:193.17,195.4 1 0
github.com/urfave/cli/flag_generated.go:212.38,214.2 1 1
github.com/urfave/cli/flag_generated.go:217.39,219.2 1 1
github.com/urfave/cli/flag_generated.go:223.52,225.2 1 1
github.com/urfave/cli/flag_generated.go:229.58,230.51 1 0
github.com/urfave/cli/flag_generated.go:233.2,233.12 1 0
github.com/urfave/cli/flag_generated.go:230.51,232.3 1 0
github.com/urfave/cli/flag_generated.go:236.64,238.14 2 1
github.com/urfave/cli/flag_generated.go:245.2,245.12 1 0
github.com/urfave/cli/flag_generated.go:238.14,240.17 2 1
github.com/urfave/cli/flag_generated.go:243.3,243.16 1 1
github.com/urfave/cli/flag_generated.go:240.17,242.4 1 0
github.com/urfave/cli/flag_generated.go:260.36,262.2 1 1
github.com/urfave/cli/flag_generated.go:265.37,267.2 1 1
github.com/urfave/cli/flag_generated.go:271.44,273.2 1 1
github.com/urfave/cli/flag_generated.go:277.50,278.51 1 1
github.com/urfave/cli/flag_generated.go:281.2,281.10 1 1
github.com/urfave/cli/flag_generated.go:278.51,280.3 1 1
github.com/urfave/cli/flag_generated.go:284.56,286.14 2 1
github.com/urfave/cli/flag_generated.go:293.2,293.10 1 0
github.com/urfave/cli/flag_generated.go:286.14,288.17 2 1
github.com/urfave/cli/flag_generated.go:291.3,291.16 1 1
github.com/urfave/cli/flag_generated.go:288.17,290.4 1 0
github.com/urfave/cli/flag_generated.go:308.34,310.2 1 1
github.com/urfave/cli/flag_generated.go:313.35,315.2 1 1
github.com/urfave/cli/flag_generated.go:319.40,321.2 1 1
github.com/urfave/cli/flag_generated.go:325.46,326.51 1 1
github.com/urfave/cli/flag_generated.go:329.2,329.10 1 1
github.com/urfave/cli/flag_generated.go:326.51,328.3 1 1
github.com/urfave/cli/flag_generated.go:332.52,334.14 2 1
github.com/urfave/cli/flag_generated.go:341.2,341.10 1 0
github.com/urfave/cli/flag_generated.go:334.14,336.17 2 1
github.com/urfave/cli/flag_generated.go:339.3,339.21 1 1
github.com/urfave/cli/flag_generated.go:336.17,338.4 1 0
github.com/urfave/cli/flag_generated.go:355.39,357.2 1 1
github.com/urfave/cli/flag_generated.go:360.40,362.2 1 1
github.com/urfave/cli/flag_generated.go:366.47,368.2 1 1
github.com/urfave/cli/flag_generated.go:372.53,373.51 1 0
github.com/urfave/cli/flag_generated.go:376.2,376.12 1 0
github.com/urfave/cli/flag_generated.go:373.51,375.3 1 0
github.com/urfave/cli/flag_generated.go:379.59,381.14 2 1
github.com/urfave/cli/flag_generated.go:388.2,388.12 1 0
github.com/urfave/cli/flag_generated.go:381.14,383.17 2 1
github.com/urfave/cli/flag_generated.go:386.3,386.16 1 1
github.com/urfave/cli/flag_generated.go:383.17,385.4 1 0
github.com/urfave/cli/flag_generated.go:402.41,404.2 1 1
github.com/urfave/cli/flag_generated.go:407.42,409.2 1 1
github.com/urfave/cli/flag_generated.go:413.51,415.2 1 1
github.com/urfave/cli/flag_generated.go:419.57,420.51 1 0
github.com/urfave/cli/flag_generated.go:423.2,423.12 1 0
github.com/urfave/cli/flag_generated.go:420.51,422.3 1 0
github.com/urfave/cli/flag_generated.go:426.63,428.14 2 1
github.com/urfave/cli/flag_generated.go:435.2,435.12 1 0
github.com/urfave/cli/flag_generated.go:428.14,430.17 2 1
github.com/urfave/cli/flag_generated.go:433.3,433.16 1 1
github.com/urfave/cli/flag_generated.go:430.17,432.4 1 0
github.com/urfave/cli/flag_generated.go:450.37,452.2 1 1
github.com/urfave/cli/flag_generated.go:455.38,457.2 1 1
github.com/urfave/cli/flag_generated.go:461.46,463.2 1 1
github.com/urfave/cli/flag_generated.go:467.52,468.51 1 1
github.com/urfave/cli/flag_generated.go:471.2,471.11 1 0
github.com/urfave/cli/flag_generated.go:468.51,470.3 1 1
github.com/urfave/cli/flag_generated.go:474.58,476.14 2 1
github.com/urfave/cli/flag_generated.go:483.2,483.11 1 1
github.com/urfave/cli/flag_generated.go:476.14,478.17 2 1
github.com/urfave/cli/flag_generated.go:481.3,481.16 1 1
github.com/urfave/cli/flag_generated.go:478.17,480.4 1 0
github.com/urfave/cli/flag_generated.go:497.42,499.2 1 1
github.com/urfave/cli/flag_generated.go:502.43,504.2 1 1
github.com/urfave/cli/flag_generated.go:508.53,510.2 1 1
github.com/urfave/cli/flag_generated.go:514.59,515.51 1 0
github.com/urfave/cli/flag_generated.go:518.2,518.12 1 0
github.com/urfave/cli/flag_generated.go:515.51,517.3 1 0
github.com/urfave/cli/flag_generated.go:521.65,523.14 2 1
github.com/urfave/cli/flag_generated.go:530.2,530.12 1 0
github.com/urfave/cli/flag_generated.go:523.14,525.17 2 1
github.com/urfave/cli/flag_generated.go:528.3,528.16 1 1
github.com/urfave/cli/flag_generated.go:525.17,527.4 1 0
github.com/urfave/cli/flag_generated.go:545.37,547.2 1 1
github.com/urfave/cli/flag_generated.go:550.38,552.2 1 1
github.com/urfave/cli/flag_generated.go:556.46,558.2 1 1
github.com/urfave/cli/flag_generated.go:562.52,563.51 1 1
github.com/urfave/cli/flag_generated.go:566.2,566.10 1 0
github.com/urfave/cli/flag_generated.go:563.51,565.3 1 1
github.com/urfave/cli/flag_generated.go:569.58,571.14 2 1
github.com/urfave/cli/flag_generated.go:578.2,578.10 1 0
github.com/urfave/cli/flag_generated.go:571.14,573.17 2 1
github.com/urfave/cli/flag_generated.go:576.3,576.16 1 1
github.com/urfave/cli/flag_generated.go:573.17,575.4 1 0
github.com/urfave/cli/flag_generated.go:593.35,595.2 1 1
github.com/urfave/cli/flag_generated.go:598.36,600.2 1 1
github.com/urfave/cli/flag_generated.go:604.42,606.2 1 1
github.com/urfave/cli/flag_generated.go:610.48,611.51 1 1
github.com/urfave/cli/flag_generated.go:614.2,614.10 1 0
github.com/urfave/cli/flag_generated.go:611.51,613.3 1 1
github.com/urfave/cli/flag_generated.go:617.54,619.14 2 1
github.com/urfave/cli/flag_generated.go:626.2,626.10 1 0
github.com/urfave/cli/flag_generated.go:619.14,621.17 2 1
github.com/urfave/cli/flag_generated.go:624.3,624.22 1 1
github.com/urfave/cli/flag_generated.go:621.17,623.4 1 0
